nohup: ignoring input
INFO:     Will watch for changes in these directories: ['/home/krapaud/project-holbies']
INFO:     Uvicorn running on http://0.0.0.0:8000 (Press CTRL+C to quit)
INFO:     Started reloader process [28714] using WatchFiles
INFO:     Started server process [28729]
INFO:     Waiting for application startup.
INFO:     Application startup complete.
INFO:     127.0.0.1:46884 - "GET / HTTP/1.1" 200 OK
INFO:     127.0.0.1:46884 - "GET /api/users/me HTTP/1.1" 200 OK
INFO:     127.0.0.1:46884 - "GET /tutor HTTP/1.1" 200 OK
INFO:     127.0.0.1:46884 - "GET /js/tutor.js?v=52836 HTTP/1.1" 200 OK
INFO:     127.0.0.1:46884 - "GET /api/users/me HTTP/1.1" 200 OK
INFO:     127.0.0.1:52412 - "GET /tutor HTTP/1.1" 200 OK
INFO:     127.0.0.1:52412 - "GET /js/tutor.js?v=71802 HTTP/1.1" 200 OK
INFO:     127.0.0.1:52428 - "GET /css/base.css HTTP/1.1" 304 Not Modified
INFO:     127.0.0.1:52428 - "GET /api/users/me HTTP/1.1" 200 OK
INFO:     127.0.0.1:52442 - "GET /tutor HTTP/1.1" 200 OK
INFO:     127.0.0.1:52442 - "GET /js/tutor.js?v=67512 HTTP/1.1" 200 OK
INFO:     127.0.0.1:52442 - "GET /api/users/me HTTP/1.1" 200 OK
INFO:     127.0.0.1:55540 - "GET /tutor HTTP/1.1" 200 OK
INFO:     127.0.0.1:55540 - "GET /js/tutor.js?v=28887 HTTP/1.1" 200 OK
INFO:     127.0.0.1:55540 - "GET /api/users/me HTTP/1.1" 200 OK
INFO:     127.0.0.1:43118 - "GET /.well-known/appspecific/com.chrome.devtools.json HTTP/1.1" 404 Not Found
INFO:     127.0.0.1:45224 - "GET /tutor HTTP/1.1" 200 OK
INFO:     127.0.0.1:45224 - "GET /js/tutor.js?v=50235 HTTP/1.1" 200 OK
INFO:     127.0.0.1:45224 - "GET /.well-known/appspecific/com.chrome.devtools.json HTTP/1.1" 404 Not Found
INFO:     127.0.0.1:45224 - "GET /api/users/me HTTP/1.1" 200 OK
DEBUG: User authenticated: Krapaud
DEBUG: Code length: 269
DEBUG: Language: c
INFO:     127.0.0.1:45224 - "POST /api/tutor/execute HTTP/1.1" 200 OK
DEBUG: User authenticated: Krapaud
DEBUG: Code length: 269
DEBUG: Language: c
INFO:     127.0.0.1:45224 - "POST /api/tutor/execute HTTP/1.1" 200 OK
DEBUG: User authenticated: Krapaud
DEBUG: Code length: 353
DEBUG: Language: c
INFO:     127.0.0.1:45238 - "POST /api/tutor/execute HTTP/1.1" 200 OK
INFO:     127.0.0.1:45238 - "GET /.well-known/appspecific/com.chrome.devtools.json HTTP/1.1" 404 Not Found
INFO:     127.0.0.1:45246 - "GET /tutor HTTP/1.1" 200 OK
INFO:     127.0.0.1:45246 - "GET /js/tutor.js?v=47920 HTTP/1.1" 200 OK
INFO:     127.0.0.1:45246 - "GET /css/tutor.css HTTP/1.1" 304 Not Modified
INFO:     127.0.0.1:45246 - "GET /.well-known/appspecific/com.chrome.devtools.json HTTP/1.1" 404 Not Found
INFO:     127.0.0.1:45246 - "GET /api/users/me HTTP/1.1" 200 OK
DEBUG: User authenticated: Krapaud
DEBUG: Code length: 355
DEBUG: Language: c
INFO:     127.0.0.1:45246 - "POST /api/tutor/execute HTTP/1.1" 200 OK
DEBUG: User authenticated: Krapaud
DEBUG: Code length: 279
DEBUG: Language: python
INFO:     127.0.0.1:60042 - "POST /api/tutor/execute HTTP/1.1" 500 Internal Server Error
ERROR:    Exception in ASGI application
Traceback (most recent call last):
  File "/home/krapaud/project-holbies/.venv/lib/python3.12/site-packages/uvicorn/protocols/http/httptools_impl.py", line 426, in run_asgi
    result = await app(  # type: ignore[func-returns-value]
             ^^^^^^^^^^^^^^^^^^^^^^^^^^^^^^^^^^^^^^^^^^^^^^
  File "/home/krapaud/project-holbies/.venv/lib/python3.12/site-packages/uvicorn/middleware/proxy_headers.py", line 84, in __call__
    return await self.app(scope, receive, send)
           ^^^^^^^^^^^^^^^^^^^^^^^^^^^^^^^^^^^^
  File "/home/krapaud/project-holbies/.venv/lib/python3.12/site-packages/fastapi/applications.py", line 1106, in __call__
    await super().__call__(scope, receive, send)
  File "/home/krapaud/project-holbies/.venv/lib/python3.12/site-packages/starlette/applications.py", line 122, in __call__
    await self.middleware_stack(scope, receive, send)
  File "/home/krapaud/project-holbies/.venv/lib/python3.12/site-packages/starlette/middleware/errors.py", line 184, in __call__
    raise exc
  File "/home/krapaud/project-holbies/.venv/lib/python3.12/site-packages/starlette/middleware/errors.py", line 162, in __call__
    await self.app(scope, receive, _send)
  File "/home/krapaud/project-holbies/.venv/lib/python3.12/site-packages/starlette/middleware/sessions.py", line 86, in __call__
    await self.app(scope, receive, send_wrapper)
  File "/home/krapaud/project-holbies/.venv/lib/python3.12/site-packages/starlette/middleware/exceptions.py", line 79, in __call__
    raise exc
  File "/home/krapaud/project-holbies/.venv/lib/python3.12/site-packages/starlette/middleware/exceptions.py", line 68, in __call__
    await self.app(scope, receive, sender)
  File "/home/krapaud/project-holbies/.venv/lib/python3.12/site-packages/fastapi/middleware/asyncexitstack.py", line 20, in __call__
    raise e
  File "/home/krapaud/project-holbies/.venv/lib/python3.12/site-packages/fastapi/middleware/asyncexitstack.py", line 17, in __call__
    await self.app(scope, receive, send)
  File "/home/krapaud/project-holbies/.venv/lib/python3.12/site-packages/starlette/routing.py", line 718, in __call__
    await route.handle(scope, receive, send)
  File "/home/krapaud/project-holbies/.venv/lib/python3.12/site-packages/starlette/routing.py", line 276, in handle
    await self.app(scope, receive, send)
  File "/home/krapaud/project-holbies/.venv/lib/python3.12/site-packages/starlette/routing.py", line 66, in app
    response = await func(request)
               ^^^^^^^^^^^^^^^^^^^
  File "/home/krapaud/project-holbies/.venv/lib/python3.12/site-packages/fastapi/routing.py", line 292, in app
    content = await serialize_response(
              ^^^^^^^^^^^^^^^^^^^^^^^^^
  File "/home/krapaud/project-holbies/.venv/lib/python3.12/site-packages/fastapi/routing.py", line 160, in serialize_response
    return field.serialize(
           ^^^^^^^^^^^^^^^^
  File "/home/krapaud/project-holbies/.venv/lib/python3.12/site-packages/fastapi/_compat.py", line 147, in serialize
    return self._type_adapter.dump_python(
           ^^^^^^^^^^^^^^^^^^^^^^^^^^^^^^^
  File "/home/krapaud/project-holbies/.venv/lib/python3.12/site-packages/pydantic/type_adapter.py", line 572, in dump_python
    return self.serializer.to_python(
           ^^^^^^^^^^^^^^^^^^^^^^^^^^
pydantic_core._pydantic_core.PydanticSerializationError: Unable to serialize unknown type: <class 'contextlib.redirect_stdout'>
INFO:     127.0.0.1:60382 - "GET / HTTP/1.1" 200 OK
INFO:     127.0.0.1:60382 - "GET /.well-known/appspecific/com.chrome.devtools.json HTTP/1.1" 404 Not Found
INFO:     127.0.0.1:60382 - "GET /css/holberton-base.css HTTP/1.1" 304 Not Modified
INFO:     127.0.0.1:60382 - "GET /css/base.css HTTP/1.1" 304 Not Modified
INFO:     127.0.0.1:60382 - "GET /css/main.css HTTP/1.1" 304 Not Modified
INFO:     127.0.0.1:60382 - "GET /files/css/index.css HTTP/1.1" 200 OK
INFO:     127.0.0.1:60382 - "GET /js/main.js HTTP/1.1" 304 Not Modified
INFO:     127.0.0.1:60382 - "GET /files/js/index.js HTTP/1.1" 200 OK
INFO:     127.0.0.1:60382 - "GET /api/users/me HTTP/1.1" 200 OK
INFO:     127.0.0.1:60382 - "GET /tutor HTTP/1.1" 200 OK
INFO:     127.0.0.1:60382 - "GET /.well-known/appspecific/com.chrome.devtools.json HTTP/1.1" 404 Not Found
INFO:     127.0.0.1:60382 - "GET /js/tutor.js?v=82843 HTTP/1.1" 200 OK
INFO:     127.0.0.1:60382 - "GET /api/users/me HTTP/1.1" 200 OK
INFO:     127.0.0.1:44456 - "GET /tutor HTTP/1.1" 200 OK
INFO:     127.0.0.1:44456 - "GET /.well-known/appspecific/com.chrome.devtools.json HTTP/1.1" 404 Not Found
INFO:     127.0.0.1:44456 - "GET /js/tutor.js?v=73718 HTTP/1.1" 200 OK
INFO:     127.0.0.1:44456 - "GET /api/users/me HTTP/1.1" 200 OK
INFO:     127.0.0.1:44456 - "GET /dashboard HTTP/1.1" 200 OK
INFO:     127.0.0.1:44456 - "GET /.well-known/appspecific/com.chrome.devtools.json HTTP/1.1" 404 Not Found
INFO:     127.0.0.1:44456 - "GET /api/users/me HTTP/1.1" 200 OK
INFO:     127.0.0.1:44456 - "GET /tutor HTTP/1.1" 200 OK
INFO:     127.0.0.1:44456 - "GET /.well-known/appspecific/com.chrome.devtools.json HTTP/1.1" 404 Not Found
INFO:     127.0.0.1:44456 - "GET /js/tutor.js?v=49083 HTTP/1.1" 200 OK
INFO:     127.0.0.1:44456 - "GET /api/users/me HTTP/1.1" 200 OK
INFO:     127.0.0.1:51478 - "GET /tutor HTTP/1.1" 200 OK
INFO:     127.0.0.1:51478 - "GET /.well-known/appspecific/com.chrome.devtools.json HTTP/1.1" 404 Not Found
INFO:     127.0.0.1:51492 - "GET /js/tutor.js?v=41580 HTTP/1.1" 200 OK
INFO:     127.0.0.1:51492 - "GET /api/users/me HTTP/1.1" 200 OK
DEBUG: User authenticated: Krapaud
DEBUG: Code length: 385
DEBUG: Language: c
INFO:     127.0.0.1:51492 - "POST /api/tutor/execute HTTP/1.1" 200 OK
INFO:     127.0.0.1:42228 - "GET /tutor HTTP/1.1" 200 OK
INFO:     127.0.0.1:42234 - "GET /.well-known/appspecific/com.chrome.devtools.json HTTP/1.1" 404 Not Found
INFO:     127.0.0.1:42228 - "GET /js/tutor.js?v=59495 HTTP/1.1" 200 OK
INFO:     127.0.0.1:42228 - "GET /api/users/me HTTP/1.1" 200 OK
DEBUG: User authenticated: Krapaud
DEBUG: Code length: 385
DEBUG: Language: c
INFO:     127.0.0.1:42228 - "POST /api/tutor/execute HTTP/1.1" 200 OK
INFO:     127.0.0.1:40984 - "GET /tutor HTTP/1.1" 200 OK
INFO:     127.0.0.1:40984 - "GET /.well-known/appspecific/com.chrome.devtools.json HTTP/1.1" 404 Not Found
INFO:     127.0.0.1:40984 - "GET /js/tutor.js?v=74303 HTTP/1.1" 200 OK
INFO:     127.0.0.1:40984 - "GET /api/users/me HTTP/1.1" 200 OK
DEBUG: User authenticated: Krapaud
DEBUG: Code length: 385
DEBUG: Language: c
INFO:     127.0.0.1:40984 - "POST /api/tutor/execute HTTP/1.1" 200 OK
INFO:     127.0.0.1:48240 - "GET /tutor HTTP/1.1" 200 OK
INFO:     127.0.0.1:48240 - "GET /js/tutor.js?v=27032 HTTP/1.1" 200 OK
INFO:     127.0.0.1:48244 - "GET /css/base.css HTTP/1.1" 304 Not Modified
INFO:     127.0.0.1:48244 - "GET /.well-known/appspecific/com.chrome.devtools.json HTTP/1.1" 404 Not Found
INFO:     127.0.0.1:48244 - "GET /api/users/me HTTP/1.1" 200 OK
DEBUG: User authenticated: Krapaud
DEBUG: Code length: 385
DEBUG: Language: c
INFO:     127.0.0.1:48260 - "POST /api/tutor/execute HTTP/1.1" 200 OK
INFO:     127.0.0.1:41704 - "GET /tutor HTTP/1.1" 200 OK
INFO:     127.0.0.1:41704 - "GET /js/tutor.js?v=85309 HTTP/1.1" 200 OK
INFO:     127.0.0.1:41718 - "GET /js/main.js HTTP/1.1" 304 Not Modified
INFO:     127.0.0.1:41718 - "GET /.well-known/appspecific/com.chrome.devtools.json HTTP/1.1" 404 Not Found
INFO:     127.0.0.1:41718 - "GET /api/users/me HTTP/1.1" 200 OK
WARNING:  WatchFiles detected changes in 'app/routers/tutor.py'. Reloading...
INFO:     Shutting down
INFO:     Waiting for application shutdown.
INFO:     Application shutdown complete.
INFO:     Finished server process [28729]
INFO:     Started server process [37747]
INFO:     Waiting for application startup.
INFO:     Application startup complete.
INFO:     127.0.0.1:45034 - "GET /tutor HTTP/1.1" 200 OK
INFO:     127.0.0.1:45034 - "GET /css/holberton-base.css HTTP/1.1" 304 Not Modified
INFO:     127.0.0.1:45034 - "GET /css/base.css HTTP/1.1" 304 Not Modified
INFO:     127.0.0.1:45034 - "GET /css/main.css HTTP/1.1" 304 Not Modified
INFO:     127.0.0.1:45034 - "GET /css/tutor.css HTTP/1.1" 304 Not Modified
INFO:     127.0.0.1:45034 - "GET /js/tutor.js?v=13720 HTTP/1.1" 200 OK
INFO:     127.0.0.1:45034 - "GET /js/main.js HTTP/1.1" 304 Not Modified
INFO:     127.0.0.1:45034 - "GET /.well-known/appspecific/com.chrome.devtools.json HTTP/1.1" 404 Not Found
INFO:     127.0.0.1:45034 - "GET /api/users/me HTTP/1.1" 401 Unauthorized
INFO:     127.0.0.1:45034 - "GET / HTTP/1.1" 200 OK
INFO:     127.0.0.1:45034 - "GET /.well-known/appspecific/com.chrome.devtools.json HTTP/1.1" 404 Not Found
INFO:     127.0.0.1:45034 - "GET /files/css/index.css HTTP/1.1" 200 OK
INFO:     127.0.0.1:45044 - "GET /files/images/holberton-hero.png HTTP/1.1" 200 OK
INFO:     127.0.0.1:45034 - "GET /files/js/index.js HTTP/1.1" 200 OK
INFO:     127.0.0.1:45044 - "GET /login HTTP/1.1" 200 OK
INFO:     127.0.0.1:45044 - "GET /.well-known/appspecific/com.chrome.devtools.json HTTP/1.1" 404 Not Found
INFO:     127.0.0.1:45044 - "GET /files/css/login.css HTTP/1.1" 200 OK
INFO:     127.0.0.1:45034 - "GET /files/js/login.js HTTP/1.1" 200 OK
(trapped) error reading bcrypt version
Traceback (most recent call last):
  File "/home/krapaud/project-holbies/.venv/lib/python3.12/site-packages/passlib/handlers/bcrypt.py", line 620, in _load_backend_mixin
    version = _bcrypt.__about__.__version__
              ^^^^^^^^^^^^^^^^^
AttributeError: module 'bcrypt' has no attribute '__about__'
INFO:     127.0.0.1:45044 - "POST /api/auth/token HTTP/1.1" 200 OK
INFO:     127.0.0.1:45044 - "GET /dashboard HTTP/1.1" 200 OK
INFO:     127.0.0.1:45044 - "GET /.well-known/appspecific/com.chrome.devtools.json HTTP/1.1" 404 Not Found
INFO:     127.0.0.1:45044 - "GET /files/css/dashboard.css HTTP/1.1" 200 OK
INFO:     127.0.0.1:45044 - "GET /files/js/dashboard.js HTTP/1.1" 200 OK
INFO:     127.0.0.1:45044 - "GET /api/users/me HTTP/1.1" 200 OK
INFO:     127.0.0.1:45044 - "GET /tutor HTTP/1.1" 200 OK
INFO:     127.0.0.1:45044 - "GET /.well-known/appspecific/com.chrome.devtools.json HTTP/1.1" 404 Not Found
INFO:     127.0.0.1:45044 - "GET /js/tutor.js?v=42694 HTTP/1.1" 200 OK
INFO:     127.0.0.1:45044 - "GET /api/users/me HTTP/1.1" 200 OK
